<?xml version="1.0" encoding="UTF-8"?>
<!-- Generated by org.testng.reporters.JUnitXMLReporter -->
<testsuite ignored="0" hostname="Darling" failures="0" tests="6" name="Default test" time="50.0" errors="0" timestamp="2023-09-01T13:03:49 IST">
  <testcase classname="Annotation.Annotations" name="Azlogin" time="6.828"/>
  <testcase classname="Annotation.Annotations" name="fblogin" time="2.358"/>
  <testcase classname="Annotation.Annotations" name="fblogin" time="2.521"/>
  <testcase classname="Annotation.Annotations" name="fblogin" time="2.431"/>
  <testcase classname="Annotation.Annotations" name="fblogin" time="2.114"/>
  <testcase classname="Annotation.Annotations" name="fblogin" time="2.603"/>
</testsuite> <!-- Default test -->
